<?xml version="1.0" encoding="UTF-8"?>
<!-- Generated by org.testng.reporters.JUnitXMLReporter -->
<testsuite hostname="ArchanaVeeru-PC" ignored="1" name="Test" tests="3" failures="0" timestamp="28 May 2020 01:04:02 GMT" time="33.661" errors="0">
  <testcase name="loginTest" time="12.629" classname="selenium.Csv_Datatesting"/>
  <testcase name="loginTest" time="10.53" classname="selenium.Csv_Datatesting"/>
  <testcase name="loginTest" time="10.392" classname="selenium.Csv_Datatesting"/>
  <testcase name="fireFox" time="0.0" classname="selenium.Csv_Datatesting">
    <ignored/>
  </testcase> <!-- fireFox -->
</testsuite> <!-- Test -->
