<?xml version="1.0" encoding="UTF-8"?>
<testng-results skipped="0" failed="0" ignored="1" total="4" passed="3">
  <reporter-output>
  </reporter-output>
  <suite name="Suite" duration-ms="33661" started-at="2020-05-28T01:03:29Z" finished-at="2020-05-28T01:04:02Z">
    <groups>
    </groups>
    <test name="Test" duration-ms="33661" started-at="2020-05-28T01:03:29Z" finished-at="2020-05-28T01:04:02Z">
      <class name="selenium.Csv_Datatesting">
        <test-method status="PASS" signature="setUp()[pri:0, instance:selenium.Csv_Datatesting@710726a3]" name="setUp" is-config="true" duration-ms="10" started-at="2020-05-28T01:03:29Z" finished-at="2020-05-28T01:03:29Z">
          <reporter-output>
          </reporter-output>
        </test-method> <!-- setUp -->
        <test-method status="PASS" signature="loginTest(java.lang.String, java.lang.String, java.lang.String, java.lang.String)[pri:0, instance:selenium.Csv_Datatesting@710726a3]" name="loginTest" duration-ms="12629" started-at="2020-05-28T01:03:29Z" data-provider="getData" finished-at="2020-05-28T01:03:41Z">
          <params>
            <param index="0">
              <value>
                <![CDATA[amar]]>
              </value>
            </param>
            <param index="1">
              <value>
                <![CDATA[amar123]]>
              </value>
            </param>
            <param index="2">
              <value>
                <![CDATA[123456789]]>
              </value>
            </param>
            <param index="3">
              <value>
                <![CDATA[ind]]>
              </value>
            </param>
          </params>
          <reporter-output>
          </reporter-output>
        </test-method> <!-- loginTest -->
        <test-method status="PASS" signature="loginTest(java.lang.String, java.lang.String, java.lang.String, java.lang.String)[pri:0, instance:selenium.Csv_Datatesting@710726a3]" name="loginTest" duration-ms="10530" started-at="2020-05-28T01:03:41Z" data-provider="getData" finished-at="2020-05-28T01:03:52Z">
          <params>
            <param index="0">
              <value>
                <![CDATA[ammu]]>
              </value>
            </param>
            <param index="1">
              <value>
                <![CDATA[ammu123]]>
              </value>
            </param>
            <param index="2">
              <value>
                <![CDATA[987654321]]>
              </value>
            </param>
            <param index="3">
              <value>
                <![CDATA[us]]>
              </value>
            </param>
          </params>
          <reporter-output>
          </reporter-output>
        </test-method> <!-- loginTest -->
        <test-method status="PASS" signature="setUp()[pri:0, instance:selenium.Csv_Datatesting@710726a3]" name="setUp" is-config="true" duration-ms="0" started-at="2020-05-28T01:03:41Z" finished-at="2020-05-28T01:03:41Z">
          <reporter-output>
          </reporter-output>
        </test-method> <!-- setUp -->
        <test-method status="PASS" signature="loginTest(java.lang.String, java.lang.String, java.lang.String, java.lang.String)[pri:0, instance:selenium.Csv_Datatesting@710726a3]" name="loginTest" duration-ms="10392" started-at="2020-05-28T01:03:52Z" data-provider="getData" finished-at="2020-05-28T01:04:02Z">
          <params>
            <param index="0">
              <value>
                <![CDATA[bujjiga]]>
              </value>
            </param>
            <param index="1">
              <value>
                <![CDATA[bujjiga123]]>
              </value>
            </param>
            <param index="2">
              <value>
                <![CDATA[124365879]]>
              </value>
            </param>
            <param index="3">
              <value>
                <![CDATA[USA]]>
              </value>
            </param>
          </params>
          <reporter-output>
          </reporter-output>
        </test-method> <!-- loginTest -->
        <test-method status="PASS" signature="setUp()[pri:0, instance:selenium.Csv_Datatesting@710726a3]" name="setUp" is-config="true" duration-ms="0" started-at="2020-05-28T01:03:52Z" finished-at="2020-05-28T01:03:52Z">
          <reporter-output>
          </reporter-output>
        </test-method> <!-- setUp -->
      </class> <!-- selenium.Csv_Datatesting -->
    </test> <!-- Test -->
  </suite> <!-- Suite -->
</testng-results>
