<?xml version="1.0" encoding="UTF-8"?>
<!-- Generated by org.testng.reporters.JUnitXMLReporter -->
<testsuite hostname="ArchanaVeeru-PC" ignored="0" name="Default test" tests="3" failures="0" timestamp="27 May 2020 23:55:25 GMT" time="104.245" errors="0">
  <testcase name="loginTest" time="6.201" classname="selenium.Csv_Datatesting"/>
  <testcase name="loginTest" time="5.756" classname="selenium.Csv_Datatesting"/>
  <testcase name="loginTest" time="5.385" classname="selenium.Csv_Datatesting"/>
</testsuite> <!-- Default test -->
